# JRE version: Java(TM) SE Runtime Environment (8.0_201-b09) (build 1.8.0_201-b09)
# Java VM: Java HotSpot(TM) 64-Bit Server VM (25.201-b09 mixed mode bsd-amd64 compressed oops)
Heap:
 PSYoungGen      total 438784K, used 143043K [0x000000076ab00000, 0x0000000796500000, 0x00000007c0000000)
  eden space 409600K, 34% used [0x000000076ab00000,0x00000007736b0ce8,0x0000000783b00000)
  from space 29184K, 0% used [0x0000000783b00000,0x0000000783b00000,0x0000000785780000)
  to   space 29696K, 0% used [0x0000000794800000,0x0000000794800000,0x0000000796500000)
 ParOldGen       total 127488K, used 37252K [0x00000006c0000000, 0x00000006c7c80000, 0x000000076ab00000)
  object space 127488K, 29% used [0x00000006c0000000,0x00000006c24613f8,0x00000006c7c80000)
 Metaspace       used 26017K, capacity 27186K, committed 27392K, reserved 1073152K
  class space    used 3488K, capacity 3740K, committed 3840K, reserved 1048576K
GC Heap History (10 events):
Event: 2.283 GC heap before
{Heap before GC invocations=8 (full 0):
 PSYoungGen      total 152064K, used 149524K [0x000000076ab00000, 0x000000077db00000, 0x00000007c0000000)
  eden space 128512K, 100% used [0x000000076ab00000,0x0000000772880000,0x0000000772880000)
  from space 23552K, 89% used [0x0000000772880000,0x0000000773d053d8,0x0000000773f80000)
  to   space 27136K, 0% used [0x000000077c080000,0x000000077c080000,0x000000077db00000)
 ParOldGen       total 175104K, used 15629K [0x00000006c0000000, 0x00000006cab00000, 0x000000076ab00000)
  object space 175104K, 8% used [0x00000006c0000000,0x00000006c0f43770,0x00000006cab00000)
 Metaspace       used 17847K, capacity 18784K, committed 19072K, reserved 1067008K
  class space    used 2096K, capacity 2316K, committed 2432K, reserved 1048576K
Event: 2.296 GC heap after
Heap after GC invocations=8 (full 0):
 PSYoungGen      total 283648K, used 18374K [0x000000076ab00000, 0x000000077dc00000, 0x00000007c0000000)
  eden space 256512K, 0% used [0x000000076ab00000,0x000000076ab00000,0x000000077a580000)
  from space 27136K, 67% used [0x000000077c080000,0x000000077d271a78,0x000000077db00000)
  to   space 27648K, 0% used [0x000000077a580000,0x000000077a580000,0x000000077c080000)
 ParOldGen       total 175104K, used 23942K [0x00000006c0000000, 0x00000006cab00000, 0x000000076ab00000)
  object space 175104K, 13% used [0x00000006c0000000,0x00000006c1761880,0x00000006cab00000)
 Metaspace       used 17847K, capacity 18784K, committed 19072K, reserved 1067008K
  class space    used 2096K, capacity 2316K, committed 2432K, reserved 1048576K
}
Event: 2.414 GC heap before
{Heap before GC invocations=9 (full 0):
 PSYoungGen      total 283648K, used 274886K [0x000000076ab00000, 0x000000077dc00000, 0x00000007c0000000)
  eden space 256512K, 100% used [0x000000076ab00000,0x000000077a580000,0x000000077a580000)
  from space 27136K, 67% used [0x000000077c080000,0x000000077d271a78,0x000000077db00000)
  to   space 27648K, 0% used [0x000000077a580000,0x000000077a580000,0x000000077c080000)
 ParOldGen       total 175104K, used 23942K [0x00000006c0000000, 0x00000006cab00000, 0x000000076ab00000)
  object space 175104K, 13% used [0x00000006c0000000,0x00000006c1761880,0x00000006cab00000)
 Metaspace       used 17865K, capacity 18784K, committed 19072K, reserved 1067008K
  class space    used 2096K, capacity 2316K, committed 2432K, reserved 1048576K
Event: 2.427 GC heap after
Heap after GC invocations=9 (full 0):
 PSYoungGen      total 284160K, used 18599K [0x000000076ab00000, 0x0000000787300000, 0x00000007c0000000)
  eden space 256512K, 0% used [0x000000076ab00000,0x000000076ab00000,0x000000077a580000)
  from space 27648K, 67% used [0x000000077a580000,0x000000077b7a9ce8,0x000000077c080000)
  to   space 28160K, 0% used [0x0000000785780000,0x0000000785780000,0x0000000787300000)
 ParOldGen       total 175104K, used 31044K [0x00000006c0000000, 0x00000006cab00000, 0x000000076ab00000)
  object space 175104K, 17% used [0x00000006c0000000,0x00000006c1e51000,0x00000006cab00000)
 Metaspace       used 17865K, capacity 18784K, committed 19072K, reserved 1067008K
  class space    used 2096K, capacity 2316K, committed 2432K, reserved 1048576K
}
Event: 2.524 GC heap before
{Heap before GC invocations=10 (full 0):
 PSYoungGen      total 284160K, used 275111K [0x000000076ab00000, 0x0000000787300000, 0x00000007c0000000)
  eden space 256512K, 100% used [0x000000076ab00000,0x000000077a580000,0x000000077a580000)
  from space 27648K, 67% used [0x000000077a580000,0x000000077b7a9ce8,0x000000077c080000)
  to   space 28160K, 0% used [0x0000000785780000,0x0000000785780000,0x0000000787300000)
 ParOldGen       total 175104K, used 31044K [0x00000006c0000000, 0x00000006cab00000, 0x000000076ab00000)
  object space 175104K, 17% used [0x00000006c0000000,0x00000006c1e51000,0x00000006cab00000)
 Metaspace       used 17874K, capacity 18784K, committed 19072K, reserved 1067008K
  class space    used 2096K, capacity 2316K, committed 2432K, reserved 1048576K
Event: 2.542 GC heap after
Heap after GC invocations=10 (full 0):
 PSYoungGen      total 437760K, used 20435K [0x000000076ab00000, 0x0000000787500000, 0x00000007c0000000)
  eden space 409600K, 0% used [0x000000076ab00000,0x000000076ab00000,0x0000000783b00000)
  from space 28160K, 72% used [0x0000000785780000,0x0000000786b74f10,0x0000000787300000)
  to   space 29184K, 0% used [0x0000000783b00000,0x0000000783b00000,0x0000000785780000)
 ParOldGen       total 175104K, used 41343K [0x00000006c0000000, 0x00000006cab00000, 0x000000076ab00000)
  object space 175104K, 23% used [0x00000006c0000000,0x00000006c285fec0,0x00000006cab00000)
 Metaspace       used 17874K, capacity 18784K, committed 19072K, reserved 1067008K
  class space    used 2096K, capacity 2316K, committed 2432K, reserved 1048576K
}
Event: 3.011 GC heap before
{Heap before GC invocations=11 (full 0):
 PSYoungGen      total 437760K, used 364940K [0x000000076ab00000, 0x0000000787500000, 0x00000007c0000000)
  eden space 409600K, 84% used [0x000000076ab00000,0x000000077fb6e350,0x0000000783b00000)
  from space 28160K, 72% used [0x0000000785780000,0x0000000786b74f10,0x0000000787300000)
  to   space 29184K, 0% used [0x0000000783b00000,0x0000000783b00000,0x0000000785780000)
 ParOldGen       total 175104K, used 41343K [0x00000006c0000000, 0x00000006cab00000, 0x000000076ab00000)
  object space 175104K, 23% used [0x00000006c0000000,0x00000006c285fec0,0x00000006cab00000)
 Metaspace       used 20168K, capacity 21000K, committed 21248K, reserved 1067008K
  class space    used 2540K, capacity 2734K, committed 2816K, reserved 1048576K
Event: 3.029 GC heap after
Heap after GC invocations=11 (full 0):
 PSYoungGen      total 438784K, used 19221K [0x000000076ab00000, 0x0000000796500000, 0x00000007c0000000)
  eden space 409600K, 0% used [0x000000076ab00000,0x000000076ab00000,0x0000000783b00000)
  from space 29184K, 65% used [0x0000000783b00000,0x0000000784dc55b8,0x0000000785780000)
  to   space 29696K, 0% used [0x0000000794800000,0x0000000794800000,0x0000000796500000)
 ParOldGen       total 175104K, used 48487K [0x00000006c0000000, 0x00000006cab00000, 0x000000076ab00000)
  object space 175104K, 27% used [0x00000006c0000000,0x00000006c2f59ed0,0x00000006cab00000)
 Metaspace       used 20168K, capacity 21000K, committed 21248K, reserved 1067008K
  class space    used 2540K, capacity 2734K, committed 2816K, reserved 1048576K
}
Event: 3.029 GC heap before
{Heap before GC invocations=12 (full 1):
 PSYoungGen      total 438784K, used 19221K [0x000000076ab00000, 0x0000000796500000, 0x00000007c0000000)
  eden space 409600K, 0% used [0x000000076ab00000,0x000000076ab00000,0x0000000783b00000)
  from space 29184K, 65% used [0x0000000783b00000,0x0000000784dc55b8,0x0000000785780000)
  to   space 29696K, 0% used [0x0000000794800000,0x0000000794800000,0x0000000796500000)
 ParOldGen       total 175104K, used 48487K [0x00000006c0000000, 0x00000006cab00000, 0x000000076ab00000)
  object space 175104K, 27% used [0x00000006c0000000,0x00000006c2f59ed0,0x00000006cab00000)
 Metaspace       used 20168K, capacity 21000K, committed 21248K, reserved 1067008K
  class space    used 2540K, capacity 2734K, committed 2816K, reserved 1048576K
Event: 3.102 GC heap after
Heap after GC invocations=12 (full 1):
 PSYoungGen      total 438784K, used 0K [0x000000076ab00000, 0x0000000796500000, 0x00000007c0000000)
  eden space 409600K, 0% used [0x000000076ab00000,0x000000076ab00000,0x0000000783b00000)
  from space 29184K, 0% used [0x0000000783b00000,0x0000000783b00000,0x0000000785780000)
  to   space 29696K, 0% used [0x0000000794800000,0x0000000794800000,0x0000000796500000)
 ParOldGen       total 127488K, used 37252K [0x00000006c0000000, 0x00000006c7c80000, 0x000000076ab00000)
  object space 127488K, 29% used [0x00000006c0000000,0x00000006c24613f8,0x00000006c7c80000)
 Metaspace       used 20168K, capacity 21000K, committed 21248K, reserved 1067008K
  class space    used 2540K, capacity 2734K, committed 2816K, reserved 1048576K
}

